<?xml version="1.0" encoding="UTF-8"?>
<testsuite name="com.iucyh.shop_demo.service.UserServiceTest" tests="1" skipped="0" failures="1" errors="0" timestamp="2025-04-21T12:34:03.818Z" hostname="iucyhs-MacBook-Pro.local" time="0.002">
  <properties/>
  <testcase name="getUser()" classname="com.iucyh.shop_demo.service.UserServiceTest" time="0.002">
    <failure message="java.lang.NullPointerException: Cannot invoke &quot;com.iucyh.shop_demo.service.UserService.getUser(java.lang.Long)&quot; because &quot;this.userService&quot; is null" type="java.lang.NullPointerException">java.lang.NullPointerException: Cannot invoke &quot;com.iucyh.shop_demo.service.UserService.getUser(java.lang.Long)&quot; because &quot;this.userService&quot; is null
	at com.iucyh.shop_demo.service.UserServiceTest.getUser(UserServiceTest.java:21)
	at java.base/java.lang.reflect.Method.invoke(Method.java:569)
	at java.base/java.util.ArrayList.forEach(ArrayList.java:1511)
	at java.base/java.util.ArrayList.forEach(ArrayList.java:1511)
</failure>
  </testcase>
  <system-out><![CDATA[]]></system-out>
  <system-err><![CDATA[]]></system-err>
</testsuite>
