<?xml version="1.0" encoding="UTF-8"?>
<testsuite name="com.iucyh.shop_demo.service.UserServiceTest" tests="1" skipped="0" failures="0" errors="0" timestamp="2025-04-14T11:08:18.146Z" hostname="iucyhs-MacBook-Pro.local" time="0.021">
  <properties/>
  <testcase name="getUser()" classname="com.iucyh.shop_demo.service.UserServiceTest" time="0.021"/>
  <system-out><![CDATA[]]></system-out>
  <system-err><![CDATA[]]></system-err>
</testsuite>
